2021-10-12 14:46:11.325  INFO 2572 --- [restartedMain] com.huaiwei.rbac.RbacApplication         : Starting RbacApplication on LAPTOP-63KIO2UH with PID 2572 (E:\javaProject\rbac\target\classes started by codeyang in E:\javaProject\rbac)
2021-10-12 14:46:11.326  INFO 2572 --- [restartedMain] com.huaiwei.rbac.RbacApplication         : The following profiles are active: pro
2021-10-12 14:46:11.470  WARN 2572 --- [restartedMain] o.m.s.mapper.ClassPathMapperScanner      : No MyBatis mapper was found in '[com.huaiwei.rbac]' package. Please check your configuration.
2021-10-12 14:46:11.502  INFO 2572 --- [restartedMain] o.s.b.w.embedded.tomcat.TomcatWebServer  : Tomcat initialized with port(s): 8080 (http)
2021-10-12 14:46:11.503  INFO 2572 --- [restartedMain] o.apache.catalina.core.StandardService   : Starting service [Tomcat]
2021-10-12 14:46:11.503  INFO 2572 --- [restartedMain] org.apache.catalina.core.StandardEngine  : Starting Servlet engine: [Apache Tomcat/9.0.41]
2021-10-12 14:46:11.524  INFO 2572 --- [restartedMain] o.a.c.c.C.[.[localhost].[/rbac]          : Initializing Spring embedded WebApplicationContext
2021-10-12 14:46:11.524  INFO 2572 --- [restartedMain] w.s.c.ServletWebServerApplicationContext : Root WebApplicationContext: initialization completed in 196 ms
2021-10-12 14:46:11.559  INFO 2572 --- [restartedMain] o.s.s.concurrent.ThreadPoolTaskExecutor  : Initializing ExecutorService 'applicationTaskExecutor'
2021-10-12 14:46:11.570  INFO 2572 --- [restartedMain] o.s.b.a.w.s.WelcomePageHandlerMapping    : Adding welcome page template: index
2021-10-12 14:46:11.613  WARN 2572 --- [restartedMain] ConfigServletWebServerApplicationContext : Exception encountered during context initialization - cancelling refresh attempt: org.springframework.beans.factory.BeanCreationException: Error creating bean with name 'sqlSessionFactory' defined in class path resource [com/baomidou/mybatisplus/autoconfigure/MybatisPlusAutoConfiguration.class]: Bean instantiation via factory method failed; nested exception is org.springframework.beans.BeanInstantiationException: Failed to instantiate [org.apache.ibatis.session.SqlSessionFactory]: Factory method 'sqlSessionFactory' threw exception; nested exception is org.springframework.core.NestedIOException: Failed to parse mapping resource: 'file [E:\javaProject\rbac\target\classes\mapper\system\SysPermissionMapper.xml]'; nested exception is org.apache.ibatis.builder.BuilderException: Error parsing Mapper XML. The XML location is 'file [E:\javaProject\rbac\target\classes\mapper\system\SysPermissionMapper.xml]'. Cause: org.apache.ibatis.builder.BuilderException: Error resolving class. Cause: org.apache.ibatis.type.TypeException: Could not resolve type alias 'com.huaiwei.rbac.entity.system.SysPermission'.  Cause: java.lang.ClassNotFoundException: Cannot find class: com.huaiwei.rbac.entity.system.SysPermission
2021-10-12 14:46:11.614  INFO 2572 --- [restartedMain] o.s.s.concurrent.ThreadPoolTaskExecutor  : Shutting down ExecutorService 'applicationTaskExecutor'
2021-10-12 14:46:11.614  INFO 2572 --- [restartedMain] o.apache.catalina.core.StandardService   : Stopping service [Tomcat]
2021-10-12 14:46:11.620  INFO 2572 --- [restartedMain] ConditionEvaluationReportLoggingListener : 

Error starting ApplicationContext. To display the conditions report re-run your application with 'debug' enabled.
2021-10-12 14:46:11.622 ERROR 2572 --- [restartedMain] o.s.boot.SpringApplication               : Application run failed

org.springframework.beans.factory.BeanCreationException: Error creating bean with name 'sqlSessionFactory' defined in class path resource [com/baomidou/mybatisplus/autoconfigure/MybatisPlusAutoConfiguration.class]: Bean instantiation via factory method failed; nested exception is org.springframework.beans.BeanInstantiationException: Failed to instantiate [org.apache.ibatis.session.SqlSessionFactory]: Factory method 'sqlSessionFactory' threw exception; nested exception is org.springframework.core.NestedIOException: Failed to parse mapping resource: 'file [E:\javaProject\rbac\target\classes\mapper\system\SysPermissionMapper.xml]'; nested exception is org.apache.ibatis.builder.BuilderException: Error parsing Mapper XML. The XML location is 'file [E:\javaProject\rbac\target\classes\mapper\system\SysPermissionMapper.xml]'. Cause: org.apache.ibatis.builder.BuilderException: Error resolving class. Cause: org.apache.ibatis.type.TypeException: Could not resolve type alias 'com.huaiwei.rbac.entity.system.SysPermission'.  Cause: java.lang.ClassNotFoundException: Cannot find class: com.huaiwei.rbac.entity.system.SysPermission
	at org.springframework.beans.factory.support.ConstructorResolver.instantiate(ConstructorResolver.java:657) ~[spring-beans-5.2.12.RELEASE.jar:5.2.12.RELEASE]
	at org.springframework.beans.factory.support.ConstructorResolver.instantiateUsingFactoryMethod(ConstructorResolver.java:637) ~[spring-beans-5.2.12.RELEASE.jar:5.2.12.RELEASE]
	at org.springframework.beans.factory.support.AbstractAutowireCapableBeanFactory.instantiateUsingFactoryMethod(AbstractAutowireCapableBeanFactory.java:1336) ~[spring-beans-5.2.12.RELEASE.jar:5.2.12.RELEASE]
	at org.springframework.beans.factory.support.AbstractAutowireCapableBeanFactory.createBeanInstance(AbstractAutowireCapableBeanFactory.java:1176) ~[spring-beans-5.2.12.RELEASE.jar:5.2.12.RELEASE]
	at org.springframework.beans.factory.support.AbstractAutowireCapableBeanFactory.doCreateBean(AbstractAutowireCapableBeanFactory.java:556) ~[spring-beans-5.2.12.RELEASE.jar:5.2.12.RELEASE]
	at org.springframework.beans.factory.support.AbstractAutowireCapableBeanFactory.createBean(AbstractAutowireCapableBeanFactory.java:516) ~[spring-beans-5.2.12.RELEASE.jar:5.2.12.RELEASE]
	at org.springframework.beans.factory.support.AbstractBeanFactory.lambda$doGetBean$0(AbstractBeanFactory.java:324) ~[spring-beans-5.2.12.RELEASE.jar:5.2.12.RELEASE]
	at org.springframework.beans.factory.support.DefaultSingletonBeanRegistry.getSingleton(DefaultSingletonBeanRegistry.java:234) ~[spring-beans-5.2.12.RELEASE.jar:5.2.12.RELEASE]
	at org.springframework.beans.factory.support.AbstractBeanFactory.doGetBean(AbstractBeanFactory.java:322) ~[spring-beans-5.2.12.RELEASE.jar:5.2.12.RELEASE]
	at org.springframework.beans.factory.support.AbstractBeanFactory.getBean(AbstractBeanFactory.java:202) ~[spring-beans-5.2.12.RELEASE.jar:5.2.12.RELEASE]
	at org.springframework.beans.factory.support.DefaultListableBeanFactory.preInstantiateSingletons(DefaultListableBeanFactory.java:897) ~[spring-beans-5.2.12.RELEASE.jar:5.2.12.RELEASE]
	at org.springframework.context.support.AbstractApplicationContext.finishBeanFactoryInitialization(AbstractApplicationContext.java:879) ~[spring-context-5.2.12.RELEASE.jar:5.2.12.RELEASE]
	at org.springframework.context.support.AbstractApplicationContext.refresh(AbstractApplicationContext.java:551) ~[spring-context-5.2.12.RELEASE.jar:5.2.12.RELEASE]
	at org.springframework.boot.web.servlet.context.ServletWebServerApplicationContext.refresh(ServletWebServerApplicationContext.java:143) ~[spring-boot-2.3.7.RELEASE.jar:2.3.7.RELEASE]
	at org.springframework.boot.SpringApplication.refresh(SpringApplication.java:758) [spring-boot-2.3.7.RELEASE.jar:2.3.7.RELEASE]
	at org.springframework.boot.SpringApplication.refresh(SpringApplication.java:750) [spring-boot-2.3.7.RELEASE.jar:2.3.7.RELEASE]
	at org.springframework.boot.SpringApplication.refreshContext(SpringApplication.java:405) [spring-boot-2.3.7.RELEASE.jar:2.3.7.RELEASE]
	at org.springframework.boot.SpringApplication.run(SpringApplication.java:315) [spring-boot-2.3.7.RELEASE.jar:2.3.7.RELEASE]
	at org.springframework.boot.SpringApplication.run(SpringApplication.java:1237) [spring-boot-2.3.7.RELEASE.jar:2.3.7.RELEASE]
	at org.springframework.boot.SpringApplication.run(SpringApplication.java:1226) [spring-boot-2.3.7.RELEASE.jar:2.3.7.RELEASE]
	at com.huaiwei.rbac.RbacApplication.main(RbacApplication.java:10) [classes/:na]
	at sun.reflect.NativeMethodAccessorImpl.invoke0(Native Method) ~[na:1.8.0_202]
	at sun.reflect.NativeMethodAccessorImpl.invoke(NativeMethodAccessorImpl.java:62) ~[na:1.8.0_202]
	at sun.reflect.DelegatingMethodAccessorImpl.invoke(DelegatingMethodAccessorImpl.java:43) ~[na:1.8.0_202]
	at java.lang.reflect.Method.invoke(Method.java:498) ~[na:1.8.0_202]
	at org.springframework.boot.devtools.restart.RestartLauncher.run(RestartLauncher.java:49) [spring-boot-devtools-2.3.7.RELEASE.jar:2.3.7.RELEASE]
Caused by: org.springframework.beans.BeanInstantiationException: Failed to instantiate [org.apache.ibatis.session.SqlSessionFactory]: Factory method 'sqlSessionFactory' threw exception; nested exception is org.springframework.core.NestedIOException: Failed to parse mapping resource: 'file [E:\javaProject\rbac\target\classes\mapper\system\SysPermissionMapper.xml]'; nested exception is org.apache.ibatis.builder.BuilderException: Error parsing Mapper XML. The XML location is 'file [E:\javaProject\rbac\target\classes\mapper\system\SysPermissionMapper.xml]'. Cause: org.apache.ibatis.builder.BuilderException: Error resolving class. Cause: org.apache.ibatis.type.TypeException: Could not resolve type alias 'com.huaiwei.rbac.entity.system.SysPermission'.  Cause: java.lang.ClassNotFoundException: Cannot find class: com.huaiwei.rbac.entity.system.SysPermission
	at org.springframework.beans.factory.support.SimpleInstantiationStrategy.instantiate(SimpleInstantiationStrategy.java:185) ~[spring-beans-5.2.12.RELEASE.jar:5.2.12.RELEASE]
	at org.springframework.beans.factory.support.ConstructorResolver.instantiate(ConstructorResolver.java:652) ~[spring-beans-5.2.12.RELEASE.jar:5.2.12.RELEASE]
	... 25 common frames omitted
Caused by: org.springframework.core.NestedIOException: Failed to parse mapping resource: 'file [E:\javaProject\rbac\target\classes\mapper\system\SysPermissionMapper.xml]'; nested exception is org.apache.ibatis.builder.BuilderException: Error parsing Mapper XML. The XML location is 'file [E:\javaProject\rbac\target\classes\mapper\system\SysPermissionMapper.xml]'. Cause: org.apache.ibatis.builder.BuilderException: Error resolving class. Cause: org.apache.ibatis.type.TypeException: Could not resolve type alias 'com.huaiwei.rbac.entity.system.SysPermission'.  Cause: java.lang.ClassNotFoundException: Cannot find class: com.huaiwei.rbac.entity.system.SysPermission
	at com.baomidou.mybatisplus.extension.spring.MybatisSqlSessionFactoryBean.buildSqlSessionFactory(MybatisSqlSessionFactoryBean.java:595) ~[mybatis-plus-extension-3.4.1.jar:3.4.1]
	at com.baomidou.mybatisplus.extension.spring.MybatisSqlSessionFactoryBean.afterPropertiesSet(MybatisSqlSessionFactoryBean.java:431) ~[mybatis-plus-extension-3.4.1.jar:3.4.1]
	at com.baomidou.mybatisplus.extension.spring.MybatisSqlSessionFactoryBean.getObject(MybatisSqlSessionFactoryBean.java:628) ~[mybatis-plus-extension-3.4.1.jar:3.4.1]
	at com.baomidou.mybatisplus.autoconfigure.MybatisPlusAutoConfiguration.sqlSessionFactory(MybatisPlusAutoConfiguration.java:219) ~[mybatis-plus-boot-starter-3.4.3.2.jar:3.4.3.2]
	at sun.reflect.NativeMethodAccessorImpl.invoke0(Native Method) ~[na:1.8.0_202]
	at sun.reflect.NativeMethodAccessorImpl.invoke(NativeMethodAccessorImpl.java:62) ~[na:1.8.0_202]
	at sun.reflect.DelegatingMethodAccessorImpl.invoke(DelegatingMethodAccessorImpl.java:43) ~[na:1.8.0_202]
	at java.lang.reflect.Method.invoke(Method.java:498) ~[na:1.8.0_202]
	at org.springframework.beans.factory.support.SimpleInstantiationStrategy.instantiate(SimpleInstantiationStrategy.java:154) ~[spring-beans-5.2.12.RELEASE.jar:5.2.12.RELEASE]
	... 26 common frames omitted
Caused by: org.apache.ibatis.builder.BuilderException: Error parsing Mapper XML. The XML location is 'file [E:\javaProject\rbac\target\classes\mapper\system\SysPermissionMapper.xml]'. Cause: org.apache.ibatis.builder.BuilderException: Error resolving class. Cause: org.apache.ibatis.type.TypeException: Could not resolve type alias 'com.huaiwei.rbac.entity.system.SysPermission'.  Cause: java.lang.ClassNotFoundException: Cannot find class: com.huaiwei.rbac.entity.system.SysPermission
	at org.apache.ibatis.builder.xml.XMLMapperBuilder.configurationElement(XMLMapperBuilder.java:123) ~[mybatis-3.5.6.jar:3.5.6]
	at org.apache.ibatis.builder.xml.XMLMapperBuilder.parse(XMLMapperBuilder.java:95) ~[mybatis-3.5.6.jar:3.5.6]
	at com.baomidou.mybatisplus.extension.spring.MybatisSqlSessionFactoryBean.buildSqlSessionFactory(MybatisSqlSessionFactoryBean.java:593) ~[mybatis-plus-extension-3.4.1.jar:3.4.1]
	... 34 common frames omitted
Caused by: org.apache.ibatis.builder.BuilderException: Error resolving class. Cause: org.apache.ibatis.type.TypeException: Could not resolve type alias 'com.huaiwei.rbac.entity.system.SysPermission'.  Cause: java.lang.ClassNotFoundException: Cannot find class: com.huaiwei.rbac.entity.system.SysPermission
	at org.apache.ibatis.builder.BaseBuilder.resolveClass(BaseBuilder.java:118) ~[mybatis-3.5.6.jar:3.5.6]
	at org.apache.ibatis.builder.xml.XMLStatementBuilder.parseStatementNode(XMLStatementBuilder.java:102) ~[mybatis-3.5.6.jar:3.5.6]
	at org.apache.ibatis.builder.xml.XMLMapperBuilder.buildStatementFromContext(XMLMapperBuilder.java:138) ~[mybatis-3.5.6.jar:3.5.6]
	at org.apache.ibatis.builder.xml.XMLMapperBuilder.buildStatementFromContext(XMLMapperBuilder.java:131) ~[mybatis-3.5.6.jar:3.5.6]
	at org.apache.ibatis.builder.xml.XMLMapperBuilder.configurationElement(XMLMapperBuilder.java:121) ~[mybatis-3.5.6.jar:3.5.6]
	... 36 common frames omitted
Caused by: org.apache.ibatis.type.TypeException: Could not resolve type alias 'com.huaiwei.rbac.entity.system.SysPermission'.  Cause: java.lang.ClassNotFoundException: Cannot find class: com.huaiwei.rbac.entity.system.SysPermission
	at org.apache.ibatis.type.TypeAliasRegistry.resolveAlias(TypeAliasRegistry.java:120) ~[mybatis-3.5.6.jar:3.5.6]
	at org.apache.ibatis.builder.BaseBuilder.resolveAlias(BaseBuilder.java:149) ~[mybatis-3.5.6.jar:3.5.6]
	at org.apache.ibatis.builder.BaseBuilder.resolveClass(BaseBuilder.java:116) ~[mybatis-3.5.6.jar:3.5.6]
	... 40 common frames omitted
Caused by: java.lang.ClassNotFoundException: Cannot find class: com.huaiwei.rbac.entity.system.SysPermission
	at org.apache.ibatis.io.ClassLoaderWrapper.classForName(ClassLoaderWrapper.java:196) ~[mybatis-3.5.6.jar:3.5.6]
	at org.apache.ibatis.io.ClassLoaderWrapper.classForName(ClassLoaderWrapper.java:89) ~[mybatis-3.5.6.jar:3.5.6]
	at org.apache.ibatis.io.Resources.classForName(Resources.java:261) ~[mybatis-3.5.6.jar:3.5.6]
	at org.apache.ibatis.type.TypeAliasRegistry.resolveAlias(TypeAliasRegistry.java:116) ~[mybatis-3.5.6.jar:3.5.6]
	... 42 common frames omitted

2021-10-12 14:46:13.531  INFO 2572 --- [restartedMain] com.huaiwei.rbac.RbacApplication         : Starting RbacApplication on LAPTOP-63KIO2UH with PID 2572 (E:\javaProject\rbac\target\classes started by codeyang in E:\javaProject\rbac)
2021-10-12 14:46:13.531  INFO 2572 --- [restartedMain] com.huaiwei.rbac.RbacApplication         : The following profiles are active: pro
2021-10-12 14:46:13.769  INFO 2572 --- [restartedMain] o.s.b.w.embedded.tomcat.TomcatWebServer  : Tomcat initialized with port(s): 8080 (http)
2021-10-12 14:46:13.769  INFO 2572 --- [restartedMain] o.apache.catalina.core.StandardService   : Starting service [Tomcat]
2021-10-12 14:46:13.769  INFO 2572 --- [restartedMain] org.apache.catalina.core.StandardEngine  : Starting Servlet engine: [Apache Tomcat/9.0.41]
2021-10-12 14:46:13.788  INFO 2572 --- [restartedMain] o.a.c.c.C.[.[localhost].[/rbac]          : Initializing Spring embedded WebApplicationContext
2021-10-12 14:46:13.789  INFO 2572 --- [restartedMain] w.s.c.ServletWebServerApplicationContext : Root WebApplicationContext: initialization completed in 256 ms
2021-10-12 14:46:14.250  INFO 2572 --- [restartedMain] pertySourcedRequestMappingHandlerMapping : Mapped URL path [/v2/api-docs] onto method [springfox.documentation.swagger2.web.Swagger2Controller#getDocumentation(String, HttpServletRequest)]
2021-10-12 14:46:14.266  INFO 2572 --- [restartedMain] o.s.s.concurrent.ThreadPoolTaskExecutor  : Initializing ExecutorService 'applicationTaskExecutor'
2021-10-12 14:46:14.270  INFO 2572 --- [restartedMain] o.s.b.d.a.OptionalLiveReloadServer       : LiveReload server is running on port 35729
2021-10-12 14:46:14.276  INFO 2572 --- [restartedMain] o.s.b.a.w.s.WelcomePageHandlerMapping    : Adding welcome page template: index
2021-10-12 14:46:14.322  INFO 2572 --- [restartedMain] o.s.b.w.embedded.tomcat.TomcatWebServer  : Tomcat started on port(s): 8080 (http) with context path '/rbac'
2021-10-12 14:46:14.322  INFO 2572 --- [restartedMain] d.s.w.p.DocumentationPluginsBootstrapper : Context refreshed
2021-10-12 14:46:14.322  INFO 2572 --- [restartedMain] d.s.w.p.DocumentationPluginsBootstrapper : Found 1 custom documentation plugin(s)
2021-10-12 14:46:14.325  INFO 2572 --- [restartedMain] s.d.s.w.s.ApiListingReferenceScanner     : Scanning for api listing references
2021-10-12 14:46:14.331  INFO 2572 --- [restartedMain] .d.s.w.r.o.CachingOperationNameGenerator : Generating unique operation named: jumpMainUsingGET_1
2021-10-12 14:46:14.332  INFO 2572 --- [restartedMain] .d.s.w.r.o.CachingOperationNameGenerator : Generating unique operation named: jumpMainUsingGET_2
2021-10-12 14:46:14.352  INFO 2572 --- [restartedMain] .d.s.w.r.o.CachingOperationNameGenerator : Generating unique operation named: jumpMainUsingGET_3
2021-10-12 14:46:14.360  INFO 2572 --- [restartedMain] .d.s.w.r.o.CachingOperationNameGenerator : Generating unique operation named: openAddUsingGET_1
2021-10-12 14:46:14.367  INFO 2572 --- [restartedMain] com.huaiwei.rbac.RbacApplication         : Started RbacApplication in 0.856 seconds (JVM running for 968.37)
2021-10-12 14:46:14.368  INFO 2572 --- [restartedMain] .ConditionEvaluationDeltaLoggingListener : Condition evaluation unchanged
2021-10-12 14:55:09.471  INFO 2572 --- [SpringContextShutdownHook] o.s.s.concurrent.ThreadPoolTaskExecutor  : Shutting down ExecutorService 'applicationTaskExecutor'
